C51 COMPILER V9.52.0.0   COMMANDE_LUMIERE                                                  04/04/2018 12:10:06 PAGE 1   


C51 COMPILER V9.52.0.0, COMPILATION OF MODULE COMMANDE_LUMIERE
OBJECT MODULE PLACED IN Commande_Lumiere.OBJ
COMPILER INVOKED BY: C:\Keil\C51\BIN\C51.EXE Commande_Lumiere.c BROWSE DEBUG OBJECTEXTEND TABS(2)

line level    source

   1          #include "c8051F020.h"
   2          #include "Config_Initiale.h"
   3          #include "Declarations_GPIO_BSE.h"
   4          
   5          
   6          #define SYSCLK 22118400
   7          
   8          
   9          int Lum_ON10=0;
  10          int Lum_OFF10=0;
  11          int Lum_Nbre_Glob=0;
  12          int Intensite_Glob=0;
  13          int i = 0;
  14          int j = 0;
  15            
  16          void Lumiere(unsigned char Intensite, unsigned char Lum_ON, unsigned char Lum_OFF, unsigned char Lum_Nbre)
  17            {    
  18   1          Lum_ON10 = 10*Lum_ON;
  19   1          Lum_OFF10 = 10*Lum_OFF - 1;
  20   1          Lum_Nbre_Glob = Lum_Nbre;
  21   1          Intensite_Glob = Intensite;
  22   1        }
  23            
  24            
  25            
  26            
  27          void Lumiere_Stop(void)
  28            {
  29   1          PCA(0);
  30   1        }
  31            
  32            
  33          void Interrupt_Timer2() interrupt 5
  34          {
  35   1        //P0 ^= 0x04; // test interruption 10ms
  36   1         if (Lum_Nbre_Glob!=0)
  37   1         {
  38   2              if (Lum_ON10 != 0) 
  39   2              {
  40   3                  PCA(Intensite_Glob);
  41   3                  Lum_ON10 = Lum_ON10-1;
  42   3                  i = i+1;
  43   3              }
  44   2              else
  45   2              {
  46   3                  Lumiere_Stop();
  47   3                  Lum_OFF10 = Lum_OFF10-1;
  48   3                  j = j+1;
  49   3                
  50   3                  if (Lum_OFF10 == 0)
  51   3                  {
  52   4                      Lum_Nbre_Glob = Lum_Nbre_Glob - 1;
  53   4                      Lum_ON10 = i;
  54   4                      Lum_OFF10 = j;
  55   4                      i = 0;
C51 COMPILER V9.52.0.0   COMMANDE_LUMIERE                                                  04/04/2018 12:10:06 PAGE 2   

  56   4                      j = 0;
  57   4                      
  58   4                  }
  59   3              }
  60   2              
  61   2         }
  62   1      
  63   1         
  64   1        TF2 = 0;
  65   1      }
  66          
  67            


MODULE INFORMATION:   STATIC OVERLAYABLE
   CODE SIZE        =    197    ----
   CONSTANT SIZE    =   ----    ----
   XDATA SIZE       =   ----    ----
   PDATA SIZE       =   ----    ----
   DATA SIZE        =     12       4
   IDATA SIZE       =   ----    ----
   BIT SIZE         =   ----    ----
END OF MODULE INFORMATION.


C51 COMPILATION COMPLETE.  0 WARNING(S),  0 ERROR(S)
