C51 COMPILER V9.52.0.0   CONFIG_GPIO                                                       04/04/2018 12:10:06 PAGE 1   


C51 COMPILER V9.52.0.0, COMPILATION OF MODULE CONFIG_GPIO
OBJECT MODULE PLACED IN Config_GPIO.OBJ
COMPILER INVOKED BY: C:\Keil\C51\BIN\C51.EXE Config_GPIO.c BROWSE DEBUG OBJECTEXTEND TABS(2)

line level    source

   1          #include <c8051f020.h>  
   2          
   3          void Config_GPIO(void)
   4          {
   5   1        XBR0 |= 0x08;
   6   1        P0MDOUT |= 0x40;
   7   1        XBR2 |= 0x40;
   8   1        
   9   1      }


MODULE INFORMATION:   STATIC OVERLAYABLE
   CODE SIZE        =     10    ----
   CONSTANT SIZE    =   ----    ----
   XDATA SIZE       =   ----    ----
   PDATA SIZE       =   ----    ----
   DATA SIZE        =   ----    ----
   IDATA SIZE       =   ----    ----
   BIT SIZE         =   ----    ----
END OF MODULE INFORMATION.


C51 COMPILATION COMPLETE.  0 WARNING(S),  0 ERROR(S)
