C51 COMPILER V9.52.0.0   MAIN                                                              04/04/2018 12:10:06 PAGE 1   


C51 COMPILER V9.52.0.0, COMPILATION OF MODULE MAIN
OBJECT MODULE PLACED IN Main.OBJ
COMPILER INVOKED BY: C:\Keil\C51\BIN\C51.EXE Main.c BROWSE DEBUG OBJECTEXTEND TABS(2)

line level    source

   1          #include "c8051F020.h"
   2          #include <intrins.h>
   3          #include "Declarations_GPIO_BSE.h"
   4          #include "Commande_Lumiere.h"
   5          #include "Config_Initiale.h"
   6          
   7          
   8          
   9          void main()
  10          { 
  11   1        
  12   1        Init_Device();
  13   1        Init_PCA();
  14   1        Config_Timer2();
  15   1        Lumiere(100,5,5,30);
  16   1          
  17   1        while(1)
  18   1        {
  19   2          
  20   2        }
  21   1      }
  22          
  23          


MODULE INFORMATION:   STATIC OVERLAYABLE
   CODE SIZE        =     23    ----
   CONSTANT SIZE    =   ----    ----
   XDATA SIZE       =   ----    ----
   PDATA SIZE       =   ----    ----
   DATA SIZE        =   ----    ----
   IDATA SIZE       =   ----    ----
   BIT SIZE         =   ----    ----
END OF MODULE INFORMATION.


C51 COMPILATION COMPLETE.  0 WARNING(S),  0 ERROR(S)
